17:02:08 **** Incremental Build of configuration Debug for project BattleShip ****
Info: Internal Builder is used for build
g++ -std=c++1y -O0 -g3 -Wall -c -fmessage-length=0 -Wall -Werror=return-type -o "myCode\\Ship.o" "..\\myCode\\Ship.cpp" 
..\myCode\Ship.cpp: In constructor 'Ship::Ship(const GridPosition&, const GridPosition&)':
..\myCode\Ship.cpp:10:62: error: no matching function for call to 'GridPosition::GridPosition()'
   10 | Ship::Ship(const GridPosition &bow, const GridPosition &stern)
      |                                                              ^
In file included from ..\myCode\Ship.h:12,
                 from ..\myCode\Ship.cpp:8:
..\myCode\GridPosition.h:20:9: note: candidate: 'GridPosition::GridPosition(std::string)'
   20 |         GridPosition(std::string position);
      |         ^~~~~~~~~~~~
..\myCode\GridPosition.h:20:9: note:   candidate expects 1 argument, 0 provided
..\myCode\GridPosition.h:19:9: note: candidate: 'GridPosition::GridPosition(char, int)'
   19 |         GridPosition(char row, int column);
      |         ^~~~~~~~~~~~
..\myCode\GridPosition.h:19:9: note:   candidate expects 2 arguments, 0 provided
..\myCode\GridPosition.h:14:7: note: candidate: 'constexpr GridPosition::GridPosition(const GridPosition&)'
   14 | class GridPosition
      |       ^~~~~~~~~~~~
..\myCode\GridPosition.h:14:7: note:   candidate expects 1 argument, 0 provided
..\myCode\Ship.cpp:10:62: error: no matching function for call to 'GridPosition::GridPosition()'
   10 | Ship::Ship(const GridPosition &bow, const GridPosition &stern)
      |                                                              ^
..\myCode\GridPosition.h:20:9: note: candidate: 'GridPosition::GridPosition(std::string)'
   20 |         GridPosition(std::string position);
      |         ^~~~~~~~~~~~
..\myCode\GridPosition.h:20:9: note:   candidate expects 1 argument, 0 provided
..\myCode\GridPosition.h:19:9: note: candidate: 'GridPosition::GridPosition(char, int)'
   19 |         GridPosition(char row, int column);
      |         ^~~~~~~~~~~~
..\myCode\GridPosition.h:19:9: note:   candidate expects 2 arguments, 0 provided
..\myCode\GridPosition.h:14:7: note: candidate: 'constexpr GridPosition::GridPosition(const GridPosition&)'
   14 | class GridPosition
      |       ^~~~~~~~~~~~
..\myCode\GridPosition.h:14:7: note:   candidate expects 1 argument, 0 provided
..\myCode\Ship.cpp: In member function 'bool Ship::isValid() const':
..\myCode\Ship.cpp:16:28: error: invalid use of member 'int Ship::length() const' (did you forget the '&' ?)
   16 |         if(length() <=5 && length >= 2){
      |                            ^~~~~~
..\myCode\Ship.cpp:17:29: error: 'char GridPosition::row' is private within this context
   17 |                 if(getBow().row == getStern().row || getBow().column == getStern().column)return true;
      |                             ^~~
..\myCode\GridPosition.h:16:14: note: declared private here
   16 |         char row;
      |              ^~~
..\myCode\Ship.cpp:17:47: error: 'char GridPosition::row' is private within this context
   17 |                 if(getBow().row == getStern().row || getBow().column == getStern().column)return true;
      |                                               ^~~
..\myCode\GridPosition.h:16:14: note: declared private here
   16 |         char row;
      |              ^~~
..\myCode\Ship.cpp:17:63: error: 'int GridPosition::column' is private within this context
   17 |                 if(getBow().row == getStern().row || getBow().column == getStern().column)return true;
      |                                                               ^~~~~~
..\myCode\GridPosition.h:17:13: note: declared private here
   17 |         int column;
      |             ^~~~~~
..\myCode\Ship.cpp:17:84: error: 'int GridPosition::column' is private within this context
   17 |                 if(getBow().row == getStern().row || getBow().column == getStern().column)return true;
      |                                                                                    ^~~~~~
..\myCode\GridPosition.h:17:13: note: declared private here
   17 |         int column;
      |             ^~~~~~
..\myCode\Ship.cpp: In member function 'int Ship::length() const':
..\myCode\Ship.cpp:35:21: error: 'char GridPosition::row' is private within this context
   35 |         if(getBow().row == getStern().row)
      |                     ^~~
..\myCode\GridPosition.h:16:14: note: declared private here
   16 |         char row;
      |              ^~~
..\myCode\Ship.cpp:35:39: error: 'char GridPosition::row' is private within this context
   35 |         if(getBow().row == getStern().row)
      |                                       ^~~
..\myCode\GridPosition.h:16:14: note: declared private here
   16 |         char row;
      |              ^~~
..\myCode\Ship.cpp:37:35: error: 'int GridPosition::column' is private within this context
   37 |                 return(getStern().column - getBow().column);
      |                                   ^~~~~~
..\myCode\GridPosition.h:17:13: note: declared private here
   17 |         int column;
      |             ^~~~~~
..\myCode\Ship.cpp:37:53: error: 'int GridPosition::column' is private within this context
   37 |                 return(getStern().column - getBow().column);
      |                                                     ^~~~~~
..\myCode\GridPosition.h:17:13: note: declared private here
   17 |         int column;
      |             ^~~~~~
..\myCode\Ship.cpp:39:26: error: 'int GridPosition::column' is private within this context
   39 |         else if(getBow().column == getStern().column)
      |                          ^~~~~~
..\myCode\GridPosition.h:17:13: note: declared private here
   17 |         int column;
      |             ^~~~~~
..\myCode\Ship.cpp:39:47: error: 'int GridPosition::column' is private within this context
   39 |         else if(getBow().column == getStern().column)
      |                                               ^~~~~~
..\myCode\GridPosition.h:17:13: note: declared private here
   17 |         int column;
      |             ^~~~~~
..\myCode\Ship.cpp:41:35: error: 'char GridPosition::row' is private within this context
   41 |                 return(getStern().row - getBow().row);
      |                                   ^~~
..\myCode\GridPosition.h:16:14: note: declared private here
   16 |         char row;
      |              ^~~
..\myCode\Ship.cpp:41:50: error: 'char GridPosition::row' is private within this context
   41 |                 return(getStern().row - getBow().row);
      |                                                  ^~~
..\myCode\GridPosition.h:16:14: note: declared private here
   16 |         char row;
      |              ^~~
..\myCode\Ship.cpp: In member function 'const std::set<GridPosition> Ship::occupiedArea() const':
..\myCode\Ship.cpp:49:29: error: 'char GridPosition::row' is private within this context
   49 |                 if(getBow().row == getStern().row)
      |                             ^~~
..\myCode\GridPosition.h:16:14: note: declared private here
   16 |         char row;
      |              ^~~
..\myCode\Ship.cpp:49:47: error: 'char GridPosition::row' is private within this context
   49 |                 if(getBow().row == getStern().row)
      |                                               ^~~
..\myCode\GridPosition.h:16:14: note: declared private here
   16 |         char row;
      |              ^~~
..\myCode\Ship.cpp:57:1: error: no return statement in function returning non-void [-Werror=return-type]
   57 | }
      | ^
..\myCode\Ship.cpp: In member function 'const std::set<GridPosition> Ship::blockedArea() const':
..\myCode\Ship.cpp:61:1: error: no return statement in function returning non-void [-Werror=return-type]
   61 | }
      | ^
cc1plus.exe: some warnings being treated as errors
17:03:12 **** Incremental Build of configuration Debug for project BattleShip ****
Info: Internal Builder is used for build
g++ -std=c++1y -O0 -g3 -Wall -c -fmessage-length=0 -Wall -Werror=return-type -o "myCode\\Ship.o" "..\\myCode\\Ship.cpp" 
..\myCode\Ship.cpp: In constructor 'Ship::Ship(const GridPosition&, const GridPosition&)':
..\myCode\Ship.cpp:10:62: error: no matching function for call to 'GridPosition::GridPosition()'
   10 | Ship::Ship(const GridPosition &bow, const GridPosition &stern)
      |                                                              ^
In file included from ..\myCode\Ship.h:12,
                 from ..\myCode\Ship.cpp:8:
..\myCode\GridPosition.h:20:9: note: candidate: 'GridPosition::GridPosition(std::string)'
   20 |         GridPosition(std::string position);
      |         ^~~~~~~~~~~~
..\myCode\GridPosition.h:20:9: note:   candidate expects 1 argument, 0 provided
..\myCode\GridPosition.h:19:9: note: candidate: 'GridPosition::GridPosition(char, int)'
   19 |         GridPosition(char row, int column);
      |         ^~~~~~~~~~~~
..\myCode\GridPosition.h:19:9: note:   candidate expects 2 arguments, 0 provided
..\myCode\GridPosition.h:14:7: note: candidate: 'constexpr GridPosition::GridPosition(const GridPosition&)'
   14 | class GridPosition
      |       ^~~~~~~~~~~~
..\myCode\GridPosition.h:14:7: note:   candidate expects 1 argument, 0 provided
..\myCode\Ship.cpp:10:62: error: no matching function for call to 'GridPosition::GridPosition()'
   10 | Ship::Ship(const GridPosition &bow, const GridPosition &stern)
      |                                                              ^
..\myCode\GridPosition.h:20:9: note: candidate: 'GridPosition::GridPosition(std::string)'
   20 |         GridPosition(std::string position);
      |         ^~~~~~~~~~~~
..\myCode\GridPosition.h:20:9: note:   candidate expects 1 argument, 0 provided
..\myCode\GridPosition.h:19:9: note: candidate: 'GridPosition::GridPosition(char, int)'
   19 |         GridPosition(char row, int column);
      |         ^~~~~~~~~~~~
..\myCode\GridPosition.h:19:9: note:   candidate expects 2 arguments, 0 provided
..\myCode\GridPosition.h:14:7: note: candidate: 'constexpr GridPosition::GridPosition(const GridPosition&)'
   14 | class GridPosition
      |       ^~~~~~~~~~~~
..\myCode\GridPosition.h:14:7: note:   candidate expects 1 argument, 0 provided
..\myCode\Ship.cpp: In member function 'bool Ship::isValid() const':
..\myCode\Ship.cpp:17:29: error: 'char GridPosition::row' is private within this context
   17 |                 if(getBow().row == getStern().row || getBow().column == getStern().column)return true;
      |                             ^~~
..\myCode\GridPosition.h:16:14: note: declared private here
   16 |         char row;
      |              ^~~
..\myCode\Ship.cpp:17:47: error: 'char GridPosition::row' is private within this context
   17 |                 if(getBow().row == getStern().row || getBow().column == getStern().column)return true;
      |                                               ^~~
..\myCode\GridPosition.h:16:14: note: declared private here
   16 |         char row;
      |              ^~~
..\myCode\Ship.cpp:17:63: error: 'int GridPosition::column' is private within this context
   17 |                 if(getBow().row == getStern().row || getBow().column == getStern().column)return true;
      |                                                               ^~~~~~
..\myCode\GridPosition.h:17:13: note: declared private here
   17 |         int column;
      |             ^~~~~~
..\myCode\Ship.cpp:17:84: error: 'int GridPosition::column' is private within this context
   17 |                 if(getBow().row == getStern().row || getBow().column == getStern().column)return true;
      |                                                                                    ^~~~~~
..\myCode\GridPosition.h:17:13: note: declared private here
   17 |         int column;
      |             ^~~~~~
..\myCode\Ship.cpp: In member function 'int Ship::length() const':
..\myCode\Ship.cpp:35:21: error: 'char GridPosition::row' is private within this context
   35 |         if(getBow().row == getStern().row)
      |                     ^~~
..\myCode\GridPosition.h:16:14: note: declared private here
   16 |         char row;
      |              ^~~
..\myCode\Ship.cpp:35:39: error: 'char GridPosition::row' is private within this context
   35 |         if(getBow().row == getStern().row)
      |                                       ^~~
..\myCode\GridPosition.h:16:14: note: declared private here
   16 |         char row;
      |              ^~~
..\myCode\Ship.cpp:37:35: error: 'int GridPosition::column' is private within this context
   37 |                 return(getStern().column - getBow().column);
      |                                   ^~~~~~
..\myCode\GridPosition.h:17:13: note: declared private here
   17 |         int column;
      |             ^~~~~~
..\myCode\Ship.cpp:37:53: error: 'int GridPosition::column' is private within this context
   37 |                 return(getStern().column - getBow().column);
      |                                                     ^~~~~~
..\myCode\GridPosition.h:17:13: note: declared private here
   17 |         int column;
      |             ^~~~~~
..\myCode\Ship.cpp:39:26: error: 'int GridPosition::column' is private within this context
   39 |         else if(getBow().column == getStern().column)
      |                          ^~~~~~
..\myCode\GridPosition.h:17:13: note: declared private here
   17 |         int column;
      |             ^~~~~~
..\myCode\Ship.cpp:39:47: error: 'int GridPosition::column' is private within this context
   39 |         else if(getBow().column == getStern().column)
      |                                               ^~~~~~
..\myCode\GridPosition.h:17:13: note: declared private here
   17 |         int column;
      |             ^~~~~~
..\myCode\Ship.cpp:41:35: error: 'char GridPosition::row' is private within this context
   41 |                 return(getStern().row - getBow().row);
      |                                   ^~~
..\myCode\GridPosition.h:16:14: note: declared private here
   16 |         char row;
      |              ^~~
..\myCode\Ship.cpp:41:50: error: 'char GridPosition::row' is private within this context
   41 |                 return(getStern().row - getBow().row);
      |                                                  ^~~
..\myCode\GridPosition.h:16:14: note: declared private here
   16 |         char row;
      |              ^~~
..\myCode\Ship.cpp: In member function 'const std::set<GridPosition> Ship::occupiedArea() const':
..\myCode\Ship.cpp:49:29: error: 'char GridPosition::row' is private within this context
   49 |                 if(getBow().row == getStern().row)
      |                             ^~~
..\myCode\GridPosition.h:16:14: note: declared private here
   16 |         char row;
      |              ^~~
..\myCode\Ship.cpp:49:47: error: 'char GridPosition::row' is private within this context
   49 |                 if(getBow().row == getStern().row)
      |                                               ^~~
..\myCode\GridPosition.h:16:14: note: declared private here
   16 |         char row;
      |              ^~~
..\myCode\Ship.cpp:57:1: error: no return statement in function returning non-void [-Werror=return-type]
   57 | }
      | ^
..\myCode\Ship.cpp: In member function 'const std::set<GridPosition> Ship::blockedArea() const':
..\myCode\Ship.cpp:61:1: error: no return statement in function returning non-void [-Werror=return-type]
   61 | }
      | ^
cc1plus.exe: some warnings being treated as errors
17:04:36 **** Incremental Build of configuration Debug for project BattleShip ****
Info: Internal Builder is used for build
g++ -std=c++1y -O0 -g3 -Wall -c -fmessage-length=0 -Wall -Werror=return-type -o "myCode\\Ship.o" "..\\myCode\\Ship.cpp" 
..\myCode\Ship.cpp: In constructor 'Ship::Ship(const GridPosition&, const GridPosition&)':
..\myCode\Ship.cpp:10:62: error: no matching function for call to 'GridPosition::GridPosition()'
   10 | Ship::Ship(const GridPosition &bow, const GridPosition &stern)
      |                                                              ^
In file included from ..\myCode\Ship.h:12,
                 from ..\myCode\Ship.cpp:8:
..\myCode\GridPosition.h:20:9: note: candidate: 'GridPosition::GridPosition(std::string)'
   20 |         GridPosition(std::string position);
      |         ^~~~~~~~~~~~
..\myCode\GridPosition.h:20:9: note:   candidate expects 1 argument, 0 provided
..\myCode\GridPosition.h:19:9: note: candidate: 'GridPosition::GridPosition(char, int)'
   19 |         GridPosition(char row, int column);
      |         ^~~~~~~~~~~~
..\myCode\GridPosition.h:19:9: note:   candidate expects 2 arguments, 0 provided
..\myCode\GridPosition.h:14:7: note: candidate: 'constexpr GridPosition::GridPosition(const GridPosition&)'
   14 | class GridPosition
      |       ^~~~~~~~~~~~
..\myCode\GridPosition.h:14:7: note:   candidate expects 1 argument, 0 provided
..\myCode\Ship.cpp:10:62: error: no matching function for call to 'GridPosition::GridPosition()'
   10 | Ship::Ship(const GridPosition &bow, const GridPosition &stern)
      |                                                              ^
..\myCode\GridPosition.h:20:9: note: candidate: 'GridPosition::GridPosition(std::string)'
   20 |         GridPosition(std::string position);
      |         ^~~~~~~~~~~~
..\myCode\GridPosition.h:20:9: note:   candidate expects 1 argument, 0 provided
..\myCode\GridPosition.h:19:9: note: candidate: 'GridPosition::GridPosition(char, int)'
   19 |         GridPosition(char row, int column);
      |         ^~~~~~~~~~~~
..\myCode\GridPosition.h:19:9: note:   candidate expects 2 arguments, 0 provided
..\myCode\GridPosition.h:14:7: note: candidate: 'constexpr GridPosition::GridPosition(const GridPosition&)'
   14 | class GridPosition
      |       ^~~~~~~~~~~~
..\myCode\GridPosition.h:14:7: note:   candidate expects 1 argument, 0 provided
..\myCode\Ship.cpp: In member function 'const std::set<GridPosition> Ship::occupiedArea() const':
..\myCode\Ship.cpp:50:29: error: 'char GridPosition::row' is private within this context
   50 |                 if(getBow().row == getStern().row)
      |                             ^~~
..\myCode\GridPosition.h:16:14: note: declared private here
   16 |         char row;
      |              ^~~
..\myCode\Ship.cpp:50:47: error: 'char GridPosition::row' is private within this context
   50 |                 if(getBow().row == getStern().row)
      |                                               ^~~
..\myCode\GridPosition.h:16:14: note: declared private here
   16 |         char row;
      |              ^~~
..\myCode\Ship.cpp:58:1: error: no return statement in function returning non-void [-Werror=return-type]
   58 | }
      | ^
..\myCode\Ship.cpp: In member function 'const std::set<GridPosition> Ship::blockedArea() const':
..\myCode\Ship.cpp:62:1: error: no return statement in function returning non-void [-Werror=return-type]
   62 | }
      | ^
cc1plus.exe: some warnings being treated as errors
17:05:06 **** Incremental Build of configuration Debug for project BattleShip ****
Info: Internal Builder is used for build
g++ -std=c++1y -O0 -g3 -Wall -c -fmessage-length=0 -Wall -Werror=return-type -o "myCode\\Ship.o" "..\\myCode\\Ship.cpp" 
..\myCode\Ship.cpp: In constructor 'Ship::Ship(const GridPosition&, const GridPosition&)':
..\myCode\Ship.cpp:10:62: error: no matching function for call to 'GridPosition::GridPosition()'
   10 | Ship::Ship(const GridPosition &bow, const GridPosition &stern)
      |                                                              ^
In file included from ..\myCode\Ship.h:12,
                 from ..\myCode\Ship.cpp:8:
..\myCode\GridPosition.h:20:9: note: candidate: 'GridPosition::GridPosition(std::string)'
   20 |         GridPosition(std::string position);
      |         ^~~~~~~~~~~~
..\myCode\GridPosition.h:20:9: note:   candidate expects 1 argument, 0 provided
..\myCode\GridPosition.h:19:9: note: candidate: 'GridPosition::GridPosition(char, int)'
   19 |         GridPosition(char row, int column);
      |         ^~~~~~~~~~~~
..\myCode\GridPosition.h:19:9: note:   candidate expects 2 arguments, 0 provided
..\myCode\GridPosition.h:14:7: note: candidate: 'constexpr GridPosition::GridPosition(const GridPosition&)'
   14 | class GridPosition
      |       ^~~~~~~~~~~~
..\myCode\GridPosition.h:14:7: note:   candidate expects 1 argument, 0 provided
..\myCode\Ship.cpp:10:62: error: no matching function for call to 'GridPosition::GridPosition()'
   10 | Ship::Ship(const GridPosition &bow, const GridPosition &stern)
      |                                                              ^
..\myCode\GridPosition.h:20:9: note: candidate: 'GridPosition::GridPosition(std::string)'
   20 |         GridPosition(std::string position);
      |         ^~~~~~~~~~~~
..\myCode\GridPosition.h:20:9: note:   candidate expects 1 argument, 0 provided
..\myCode\GridPosition.h:19:9: note: candidate: 'GridPosition::GridPosition(char, int)'
   19 |         GridPosition(char row, int column);
      |         ^~~~~~~~~~~~
..\myCode\GridPosition.h:19:9: note:   candidate expects 2 arguments, 0 provided
..\myCode\GridPosition.h:14:7: note: candidate: 'constexpr GridPosition::GridPosition(const GridPosition&)'
   14 | class GridPosition
      |       ^~~~~~~~~~~~
..\myCode\GridPosition.h:14:7: note:   candidate expects 1 argument, 0 provided
..\myCode\Ship.cpp: In member function 'const std::set<GridPosition> Ship::occupiedArea() const':
..\myCode\Ship.cpp:58:1: error: no return statement in function returning non-void [-Werror=return-type]
   58 | }
      | ^
..\myCode\Ship.cpp: In member function 'const std::set<GridPosition> Ship::blockedArea() const':
..\myCode\Ship.cpp:62:1: error: no return statement in function returning non-void [-Werror=return-type]
   62 | }
      | ^
cc1plus.exe: some warnings being treated as errors
17:11:48 **** Incremental Build of configuration Debug for project BattleShip ****
Info: Internal Builder is used for build
g++ -std=c++1y -O0 -g3 -Wall -c -fmessage-length=0 -Wall -Werror=return-type -o "myCode\\Ship.o" "..\\myCode\\Ship.cpp" 
..\myCode\Ship.cpp: In member function 'const std::set<GridPosition> Ship::blockedArea() const':
..\myCode\Ship.cpp:70:1: error: no return statement in function returning non-void [-Werror=return-type]
   70 | }
      | ^
cc1plus.exe: some warnings being treated as errors
17:26:03 **** Incremental Build of configuration Debug for project BattleShip ****
Info: Internal Builder is used for build
g++ -std=c++1y -O0 -g3 -Wall -c -fmessage-length=0 -Wall -Werror=return-type -o "myCode\\GridPosition.o" "..\\myCode\\GridPosition.cpp" 
..\myCode\GridPosition.cpp: In member function 'bool GridPosition::isValid() const':
..\myCode\GridPosition.cpp:31:34: warning: suggest parentheses around '&&' within '||' [-Wparentheses]
   31 |         if(row<= 'Z' || row>='A' && column>0){
      |                         ~~~~~~~~~^~~~~~~~~~~
g++ -std=c++1y -O0 -g3 -Wall -c -fmessage-length=0 -Wall -Werror=return-type -o "myCode\\Ship.o" "..\\myCode\\Ship.cpp" 
g++ -o BattleShip.exe "myCode\\GridPosition.o" "myCode\\Ship.o" "myCode\\main.o" 
Info: Nothing to build for BattleShip
17:26:46 **** Incremental Build of configuration Debug for project BattleShip ****
Info: Internal Builder is used for build
g++ -std=c++1y -O0 -g3 -Wall -c -fmessage-length=0 -Wall -Werror=return-type -o "myCode\\main.o" "..\\myCode\\main.cpp" 
g++ -o BattleShip.exe "myCode\\GridPosition.o" "myCode\\Ship.o" "myCode\\main.o" 
17:28:00 **** Incremental Build of configuration Debug for project BattleShip ****
Info: Internal Builder is used for build
g++ -std=c++1y -O0 -g3 -Wall -c -fmessage-length=0 -Wall -Werror=return-type -o "myCode\\GridPosition.o" "..\\myCode\\GridPosition.cpp" 
..\myCode\GridPosition.cpp: In member function 'bool GridPosition::isValid() const':
..\myCode\GridPosition.cpp:35:34: warning: suggest parentheses around '&&' within '||' [-Wparentheses]
   35 |         if(row<= 'Z' || row>='A' && column>0){
      |                         ~~~~~~~~~^~~~~~~~~~~
g++ -o BattleShip.exe "myCode\\GridPosition.o" "myCode\\Ship.o" "myCode\\main.o" 
Info: Nothing to build for BattleShip
17:29:04 **** Incremental Build of configuration Debug for project BattleShip ****
Info: Internal Builder is used for build
g++ -std=c++1y -O0 -g3 -Wall -c -fmessage-length=0 -Wall -Werror=return-type -o "myCode\\main.o" "..\\myCode\\main.cpp" 
g++ -o BattleShip.exe "myCode\\GridPosition.o" "myCode\\Ship.o" "myCode\\main.o" 
17:29:33 **** Incremental Build of configuration Debug for project BattleShip ****
Info: Internal Builder is used for build
g++ -std=c++1y -O0 -g3 -Wall -c -fmessage-length=0 -Wall -Werror=return-type -o "myCode\\GridPosition.o" "..\\myCode\\GridPosition.cpp" 
..\myCode\GridPosition.cpp: In member function 'bool GridPosition::isValid() const':
..\myCode\GridPosition.cpp:35:34: warning: suggest parentheses around '&&' within '||' [-Wparentheses]
   35 |         if(row<= 'Z' || row>='A' && column>0){
      |                         ~~~~~~~~~^~~~~~~~~~~
g++ -o BattleShip.exe "myCode\\GridPosition.o" "myCode\\Ship.o" "myCode\\main.o" 
17:29:50 **** Incremental Build of configuration Debug for project BattleShip ****
Info: Internal Builder is used for build
g++ -std=c++1y -O0 -g3 -Wall -c -fmessage-length=0 -Wall -Werror=return-type -o "myCode\\GridPosition.o" "..\\myCode\\GridPosition.cpp" 
..\myCode\GridPosition.cpp: In member function 'bool GridPosition::isValid() const':
..\myCode\GridPosition.cpp:35:34: warning: suggest parentheses around '&&' within '||' [-Wparentheses]
   35 |         if(row<= 'Z' || row>='A' && column>0){
      |                         ~~~~~~~~~^~~~~~~~~~~
g++ -o BattleShip.exe "myCode\\GridPosition.o" "myCode\\Ship.o" "myCode\\main.o" 
17:30:56 **** Incremental Build of configuration Debug for project BattleShip ****
Info: Internal Builder is used for build
g++ -std=c++1y -O0 -g3 -Wall -c -fmessage-length=0 -Wall -Werror=return-type -o "myCode\\GridPosition.o" "..\\myCode\\GridPosition.cpp" 
..\myCode\GridPosition.cpp: In member function 'bool GridPosition::isValid() const':
..\myCode\GridPosition.cpp:35:34: warning: suggest parentheses around '&&' within '||' [-Wparentheses]
   35 |         if(row<= 'Z' || row>='A' && column>0){
      |                         ~~~~~~~~~^~~~~~~~~~~
g++ -o BattleShip.exe "myCode\\GridPosition.o" "myCode\\Ship.o" "myCode\\main.o" 
17:31:52 **** Incremental Build of configuration Debug for project BattleShip ****
Info: Internal Builder is used for build
g++ -std=c++1y -O0 -g3 -Wall -c -fmessage-length=0 -Wall -Werror=return-type -o "myCode\\GridPosition.o" "..\\myCode\\GridPosition.cpp" 
..\myCode\GridPosition.cpp: In constructor 'GridPosition::GridPosition(std::string)':
..\myCode\GridPosition.cpp:26:51: error: no matching function for call to 'stoi(int&)'
   26 |                         cout<< "Col: "<< std::stoi(column) <<endl;
      |                                          ~~~~~~~~~^~~~~~~~
In file included from C:/Program Files/GIT/eclipse/mingw/mingw64/include/c++/13.2.0/string:54,
                 from C:/Program Files/GIT/eclipse/mingw/mingw64/include/c++/13.2.0/bits/locale_classes.h:40,
                 from C:/Program Files/GIT/eclipse/mingw/mingw64/include/c++/13.2.0/bits/ios_base.h:41,
                 from C:/Program Files/GIT/eclipse/mingw/mingw64/include/c++/13.2.0/ios:44,
                 from C:/Program Files/GIT/eclipse/mingw/mingw64/include/c++/13.2.0/ostream:40,
                 from C:/Program Files/GIT/eclipse/mingw/mingw64/include/c++/13.2.0/iostream:41,
                 from ..\myCode\GridPosition.h:11,
                 from ..\myCode\GridPosition.cpp:8:
C:/Program Files/GIT/eclipse/mingw/mingw64/include/c++/13.2.0/bits/basic_string.h:4108:3: note: candidate: 'int std::__cxx11::stoi(const std::string&, std::size_t*, int)'
 4108 |   stoi(const string& __str, size_t* __idx = 0, int __base = 10)
      |   ^~~~
C:/Program Files/GIT/eclipse/mingw/mingw64/include/c++/13.2.0/bits/basic_string.h:4108:22: note:   no known conversion for argument 1 from 'int' to 'const std::string&' {aka 'const std::__cxx11::basic_string<char>&'}
 4108 |   stoi(const string& __str, size_t* __idx = 0, int __base = 10)
      |        ~~~~~~~~~~~~~~^~~~~
C:/Program Files/GIT/eclipse/mingw/mingw64/include/c++/13.2.0/bits/basic_string.h:4260:3: note: candidate: 'int std::__cxx11::stoi(const std::wstring&, std::size_t*, int)'
 4260 |   stoi(const wstring& __str, size_t* __idx = 0, int __base = 10)
      |   ^~~~
C:/Program Files/GIT/eclipse/mingw/mingw64/include/c++/13.2.0/bits/basic_string.h:4260:23: note:   no known conversion for argument 1 from 'int' to 'const std::wstring&' {aka 'const std::__cxx11::basic_string<wchar_t>&'}
 4260 |   stoi(const wstring& __str, size_t* __idx = 0, int __base = 10)
      |        ~~~~~~~~~~~~~~~^~~~~
..\myCode\GridPosition.cpp: In member function 'bool GridPosition::isValid() const':
..\myCode\GridPosition.cpp:35:34: warning: suggest parentheses around '&&' within '||' [-Wparentheses]
   35 |         if(row<= 'Z' || row>='A' && column>0){
      |                         ~~~~~~~~~^~~~~~~~~~~
17:46:53 **** Incremental Build of configuration Debug for project BattleShip ****
Info: Internal Builder is used for build
g++ -std=c++1y -O0 -g3 -Wall -c -fmessage-length=0 -Wall -Werror=return-type -o "myCode\\GridPosition.o" "..\\myCode\\GridPosition.cpp" 
..\myCode\GridPosition.cpp: In member function 'bool GridPosition::isValid() const':
..\myCode\GridPosition.cpp:39:34: warning: suggest parentheses around '&&' within '||' [-Wparentheses]
   39 |         if(row<= 'Z' || row>='A' && column>0){
      |                         ~~~~~~~~~^~~~~~~~~~~
g++ -o BattleShip.exe "myCode\\GridPosition.o" "myCode\\Ship.o" "myCode\\main.o" 
Info: Nothing to build for BattleShip
18:19:36 **** Incremental Build of configuration Debug for project BattleShip ****
Info: Internal Builder is used for build
g++ -std=c++1y -O0 -g3 -Wall -c -fmessage-length=0 -Wall -Werror=return-type -o "myCode\\Ship.o" "..\\myCode\\Ship.cpp" 
g++ -std=c++1y -O0 -g3 -Wall -c -fmessage-length=0 -Wall -Werror=return-type -o "myCode\\GridPosition.o" "..\\myCode\\GridPosition.cpp" 
..\myCode\GridPosition.cpp: In member function 'bool GridPosition::isValid() const':
..\myCode\GridPosition.cpp:38:34: warning: suggest parentheses around '&&' within '||' [-Wparentheses]
   38 |         if(row<= 'Z' || row>='A' && column>0){
      |                         ~~~~~~~~~^~~~~~~~~~~
g++ -o BattleShip.exe "myCode\\GridPosition.o" "myCode\\Ship.o" "myCode\\main.o" 
18:32:45 **** Incremental Build of configuration Debug for project BattleShip ****
Info: Internal Builder is used for build
g++ -std=c++1y -O0 -g3 -Wall -c -fmessage-length=0 -Wall -Werror=return-type -o "myCode\\Board.o" "..\\myCode\\Board.cpp" 
..\myCode\Board.cpp:10:1: error: no declaration matches 'Board::Board()'
   10 | Board::Board()
      | ^~~~~
In file included from ..\myCode\Board.cpp:8:
..\myCode\Board.h:13:7: note: candidates are: 'constexpr Board::Board(const Board&)'
   13 | class Board
      |       ^~~~~
..\myCode\Board.h:18:9: note:                 'Board::Board(int, int)'
   18 |         Board(int rows, int columns);
      |         ^~~~~
..\myCode\Board.h:13:7: note: 'class Board' defined here
   13 | class Board
      |       ^~~~~
